<?xml version="1.0" encoding="utf-8"?><testsuites name="pytest tests"><testsuite name="pytest" errors="0" failures="0" skipped="0" tests="20" time="6.576" timestamp="2026-05-13T20:22:10.825012+00:00" hostname="agent-env-760f8f81-30b9-4883-acb6-67e957953546"><testcase classname="backend.tests.test_coupons.TestCouponCRUDAuth" name="test_create_coupon_no_auth_returns_401" time="0.774" /><testcase classname="backend.tests.test_coupons.TestCouponCRUDAuth" name="test_list_coupons_no_auth_returns_401" time="0.121" /><testcase classname="backend.tests.test_coupons.TestCouponCreate" name="test_create_percent_coupon" time="0.134" /><testcase classname="backend.tests.test_coupons.TestCouponCreate" name="test_create_fixed_coupon_with_limits" time="0.119" /><testcase classname="backend.tests.test_coupons.TestCouponCreate" name="test_create_duplicate_code_returns_400" time="0.286" /><testcase classname="backend.tests.test_coupons.TestCouponCreate" name="test_list_coupons_returns_list" time="0.178" /><testcase classname="backend.tests.test_coupons.TestCouponValidate" name="test_validate_percent_calculation" time="0.285" /><testcase classname="backend.tests.test_coupons.TestCouponValidate" name="test_validate_case_insensitive" time="0.124" /><testcase classname="backend.tests.test_coupons.TestCouponValidate" name="test_validate_fixed_calculation" time="0.224" /><testcase classname="backend.tests.test_coupons.TestCouponValidate" name="test_validate_max_discount_cap" time="0.240" /><testcase classname="backend.tests.test_coupons.TestCouponValidate" name="test_validate_below_min_order_amount" time="0.114" /><testcase classname="backend.tests.test_coupons.TestCouponValidate" name="test_validate_invalid_code" time="0.108" /><testcase classname="backend.tests.test_coupons.TestCouponValidate" name="test_validate_inactive_coupon" time="0.246" /><testcase classname="backend.tests.test_coupons.TestCouponValidate" name="test_validate_expired_coupon" time="0.271" /><testcase classname="backend.tests.test_coupons.TestCouponValidate" name="test_validate_usage_limit_reached" time="0.400" /><testcase classname="backend.tests.test_coupons.TestOrderWithCoupon" name="test_create_order_with_coupon_applies_discount" time="0.351" /><testcase classname="backend.tests.test_coupons.TestOrderWithCoupon" name="test_coupon_used_count_increments" time="0.504" /><testcase classname="backend.tests.test_coupons.TestOrderWithCoupon" name="test_create_order_with_invalid_coupon_returns_error" time="0.100" /><testcase classname="backend.tests.test_coupons.TestCouponUpdateDelete" name="test_update_coupon" time="0.223" /><testcase classname="backend.tests.test_coupons.TestCouponUpdateDelete" name="test_delete_coupon" time="1.684" /></testsuite></testsuites>