<?xml version="1.0" encoding="utf-8"?><testsuites name="pytest tests"><testsuite name="pytest" errors="0" failures="0" skipped="0" tests="10" time="2.823" timestamp="2026-03-16T23:49:03.495487+00:00" hostname="agent-env-f055c3a8-4f10-4913-b45d-fa9662e0aedb"><testcase classname="tests.test_cart_checkout.TestProductsAPI" name="test_get_all_products" time="0.248" /><testcase classname="tests.test_cart_checkout.TestProductsAPI" name="test_get_product_by_id" time="0.345" /><testcase classname="tests.test_cart_checkout.TestProductsAPI" name="test_get_product_invalid_id" time="0.128" /><testcase classname="tests.test_cart_checkout.TestOrdersAPI" name="test_create_order_success" time="0.304" /><testcase classname="tests.test_cart_checkout.TestOrdersAPI" name="test_create_order_verify_persistence" time="0.422" /><testcase classname="tests.test_cart_checkout.TestOrdersAPI" name="test_get_order_by_id" time="0.589" /><testcase classname="tests.test_cart_checkout.TestOrdersAPI" name="test_get_order_invalid_id" time="0.099" /><testcase classname="tests.test_cart_checkout.TestOrdersAPI" name="test_create_order_validates_required_fields" time="0.109" /><testcase classname="tests.test_cart_checkout.TestMockPayment" name="test_mock_payment_success" time="0.336" /><testcase classname="tests.test_cart_checkout.TestHealthCheck" name="test_api_root" time="0.129" /></testsuite></testsuites>