<?xml version="1.0" encoding="utf-8"?><testsuites name="pytest tests"><testsuite name="pytest" errors="0" failures="0" skipped="0" tests="17" time="4.520" timestamp="2026-03-17T00:08:21.631222+00:00" hostname="agent-env-f055c3a8-4f10-4913-b45d-fa9662e0aedb"><testcase classname="backend.tests.test_order_management.TestOrderStats" name="test_get_order_stats_authenticated" time="0.716" /><testcase classname="backend.tests.test_order_management.TestOrderStats" name="test_get_order_stats_unauthorized" time="0.163" /><testcase classname="backend.tests.test_order_management.TestOrderFiltering" name="test_get_all_orders" time="0.160" /><testcase classname="backend.tests.test_order_management.TestOrderFiltering" name="test_filter_orders_by_status_pending" time="0.124" /><testcase classname="backend.tests.test_order_management.TestOrderFiltering" name="test_filter_orders_by_status_shipped" time="0.164" /><testcase classname="backend.tests.test_order_management.TestOrderFiltering" name="test_filter_orders_by_status_delivered" time="0.129" /><testcase classname="backend.tests.test_order_management.TestOrderFiltering" name="test_filter_orders_by_status_cancelled" time="0.135" /><testcase classname="backend.tests.test_order_management.TestOrderFiltering" name="test_orders_unauthorized" time="0.143" /><testcase classname="backend.tests.test_order_management.TestOrderTracking" name="test_track_order_valid" time="0.246" /><testcase classname="backend.tests.test_order_management.TestOrderTracking" name="test_track_order_invalid" time="0.124" /><testcase classname="backend.tests.test_order_management.TestOrderTracking" name="test_track_order_no_auth_required" time="0.297" /><testcase classname="backend.tests.test_order_management.TestShippingUpdate" name="test_update_shipping_success" time="0.305" /><testcase classname="backend.tests.test_order_management.TestShippingUpdate" name="test_update_shipping_unauthorized" time="0.146" /><testcase classname="backend.tests.test_order_management.TestShippingUpdate" name="test_update_shipping_invalid_order" time="0.158" /><testcase classname="backend.tests.test_order_management.TestOrderStatusUpdate" name="test_update_status_to_cancelled" time="0.479" /><testcase classname="backend.tests.test_order_management.TestOrderStatusUpdate" name="test_update_status_to_delivered" time="0.724" /><testcase classname="backend.tests.test_order_management.TestOrderStatusUpdate" name="test_update_status_unauthorized" time="0.145" /></testsuite></testsuites>