<?xml version="1.0" encoding="utf-8"?><testsuites name="pytest tests"><testsuite name="pytest" errors="0" failures="0" skipped="0" tests="16" time="4.465" timestamp="2026-05-13T20:38:28.799937+00:00" hostname="agent-env-760f8f81-30b9-4883-acb6-67e957953546"><testcase classname="backend.tests.test_reviews.TestCreateReviewValidation" name="test_order_not_found_returns_404" time="0.376" /><testcase classname="backend.tests.test_reviews.TestCreateReviewValidation" name="test_email_mismatch_returns_403" time="0.478" /><testcase classname="backend.tests.test_reviews.TestCreateReviewValidation" name="test_pending_order_returns_400" time="0.213" /><testcase classname="backend.tests.test_reviews.TestCreateReviewValidation" name="test_product_not_in_order_returns_400" time="0.154" /><testcase classname="backend.tests.test_reviews.TestCreateReviewValidation" name="test_rating_out_of_range_returns_422" time="0.105" /><testcase classname="backend.tests.test_reviews.TestCreateReviewValidation" name="test_short_comment_returns_422" time="0.101" /><testcase classname="backend.tests.test_reviews.TestCreateReviewSuccess" name="test_valid_purchase_creates_review" time="0.103" /><testcase classname="backend.tests.test_reviews.TestCreateReviewSuccess" name="test_duplicate_same_order_product_returns_400" time="0.119" /><testcase classname="backend.tests.test_reviews.TestPublicProductReviews" name="test_public_listing_has_summary_and_no_email" time="0.145" /><testcase classname="backend.tests.test_reviews.TestPublicProductReviews" name="test_only_approved_reviews_listed_publicly" time="0.921" /><testcase classname="backend.tests.test_reviews.TestAdminReviews" name="test_list_all_requires_auth" time="0.124" /><testcase classname="backend.tests.test_reviews.TestAdminReviews" name="test_admin_can_list_all" time="0.118" /><testcase classname="backend.tests.test_reviews.TestAdminReviews" name="test_filter_by_product" time="0.113" /><testcase classname="backend.tests.test_reviews.TestAdminReviews" name="test_filter_by_approved_false" time="0.111" /><testcase classname="backend.tests.test_reviews.TestAdminReviews" name="test_approve_toggle_then_delete" time="1.073" /><testcase classname="backend.tests.test_reviews.TestAdminReviews" name="test_delete_nonexistent_returns_404" time="0.115" /></testsuite></testsuites>